[    0.000000] Linux version 4.15.0-193-generic (buildd@lcy02-amd64-022) (gcc version 7.5.0 (Ubuntu 7.5.0-3ubuntu1~18.04)) #204-Ubuntu SMP Fri Aug 26 19:20:21 UTC 2022 (Ubuntu 4.15.0-193.204-generic 4.15.18)
[    0.000000] Command line: BOOT_IMAGE=/boot/vmlinuz-4.15.0-193-generic root=LABEL=cloudimg-rootfs ro console=tty1 console=ttyS0
[    0.000000] KERNEL supported cpus:
[    0.000000]   Intel GenuineIntel
[    0.000000]   AMD AuthenticAMD
[    0.000000]   Centaur CentaurHauls
[    0.000000] x86/fpu: x87 FPU will use FXSAVE
[    0.000000] e820: BIOS-provided physical RAM map:
[    0.000000] BIOS-e820: [mem 0x0000000000000000-0x000000000009fbff] usable
[    0.000000] BIOS-e820: [mem 0x000000000009fc00-0x000000000009ffff] reserved
[    0.000000] BIOS-e820: [mem 0x00000000000f0000-0x00000000000fffff] reserved
[    0.000000] BIOS-e820: [mem 0x0000000000100000-0x0000000063feffff] usable
[    0.000000] BIOS-e820: [mem 0x0000000063ff0000-0x0000000063ffffff] ACPI data
[    0.000000] BIOS-e820: [mem 0x00000000fec00000-0x00000000fec00fff] reserved
[    0.000000] BIOS-e820: [mem 0x00000000fee00000-0x00000000fee00fff] reserved
[    0.000000] BIOS-e820: [mem 0x00000000fffc0000-0x00000000ffffffff] reserved
[    0.000000] NX (Execute Disable) protection: active
[    0.000000] SMBIOS 2.5 present.
[    0.000000] DMI: innotek GmbH VirtualBox/VirtualBox, BIOS VirtualBox 12/01/2006
[    0.000000] Hypervisor detected: KVM
[    0.000000] e820: last_pfn = 0x63ff0 max_arch_pfn = 0x400000000
[    0.000000] MTRR: Disabled
[    0.000000] x86/PAT: MTRRs disabled, skipping PAT initialization too.
[    0.000000] CPU MTRRs all blank - virtualized system.
[    0.000000] x86/PAT: Configuration [0-7]: WB  WT  UC- UC  WB  WT  UC- UC  
[    0.000000] found SMP MP-table at [mem 0x0009fff0-0x0009ffff]
[    0.000000] Scanning 1 areas for low memory corruption
[    0.000000] RAMDISK: [mem 0x359cb000-0x36cdcfff]
[    0.000000] ACPI: Early table checksum verification disabled
[    0.000000] ACPI: RSDP 0x00000000000E0000 000024 (v02 VBOX  )
[    0.000000] ACPI: XSDT 0x0000000063FF0030 00003C (v01 VBOX   VBOXXSDT 00000001 ASL  00000061)
[    0.000000] ACPI: FACP 0x0000000063FF00F0 0000F4 (v04 VBOX   VBOXFACP 00000001 ASL  00000061)
[    0.000000] ACPI: DSDT 0x0000000063FF0470 002325 (v02 VBOX   VBOXBIOS 00000002 INTL 20100528)
[    0.000000] ACPI: FACS 0x0000000063FF0200 000040
[    0.000000] ACPI: FACS 0x0000000063FF0200 000040
[    0.000000] ACPI: APIC 0x0000000063FF0240 00005C (v02 VBOX   VBOXAPIC 00000001 ASL  00000061)
[    0.000000] ACPI: SSDT 0x0000000063FF02A0 0001CC (v01 VBOX   VBOXCPUT 00000002 INTL 20100528)
[    0.000000] ACPI: Reserving FACP table memory at [mem 0x63ff00f0-0x63ff01e3]
[    0.000000] ACPI: Reserving DSDT table memory at [mem 0x63ff0470-0x63ff2794]
[    0.000000] ACPI: Reserving FACS table memory at [mem 0x63ff0200-0x63ff023f]
[    0.000000] ACPI: Reserving FACS table memory at [mem 0x63ff0200-0x63ff023f]
[    0.000000] ACPI: Reserving APIC table memory at [mem 0x63ff0240-0x63ff029b]
[    0.000000] ACPI: Reserving SSDT table memory at [mem 0x63ff02a0-0x63ff046b]
[    0.000000] No NUMA configuration found
[    0.000000] Faking a node at [mem 0x0000000000000000-0x0000000063feffff]
[    0.000000] NODE_DATA(0) allocated [mem 0x63fc5000-0x63feffff]
[    0.000000] kvm-clock: cpu 0, msr 0:63f44001, primary cpu clock
[    0.000000] kvm-clock: Using msrs 4b564d01 and 4b564d00
[    0.000000] kvm-clock: using sched offset of 4103565205 cycles
[    0.000000] clocksource: kvm-clock: mask: 0xffffffffffffffff max_cycles: 0x1cd42e4dffb, max_idle_ns: 881590591483 ns
[    0.000000] Zone ranges:
[    0.000000]   DMA      [mem 0x0000000000001000-0x0000000000ffffff]
[    0.000000]   DMA32    [mem 0x0000000001000000-0x0000000063feffff]
[    0.000000]   Normal   empty
[    0.000000]   Device   empty
[    0.000000] Movable zone start for each node
[    0.000000] Early memory node ranges
[    0.000000]   node   0: [mem 0x0000000000001000-0x000000000009efff]
[    0.000000]   node   0: [mem 0x0000000000100000-0x0000000063feffff]
[    0.000000] Reserved but unavailable: 104 pages
[    0.000000] Initmem setup node 0 [mem 0x0000000000001000-0x0000000063feffff]
[    0.000000] ACPI: PM-Timer IO Port: 0x4008
[    0.000000] IOAPIC[0]: apic_id 2, version 32, address 0xfec00000, GSI 0-23
[    0.000000] ACPI: INT_SRC_OVR (bus 0 bus_irq 0 global_irq 2 dfl dfl)
[    0.000000] ACPI: INT_SRC_OVR (bus 0 bus_irq 9 global_irq 9 low level)
[    0.000000] Using ACPI (MADT) for SMP configuration information
[    0.000000] smpboot: Allowing 2 CPUs, 0 hotplug CPUs
[    0.000000] PM: Registered nosave memory: [mem 0x00000000-0x00000fff]
[    0.000000] PM: Registered nosave memory: [mem 0x0009f000-0x0009ffff]
[    0.000000] PM: Registered nosave memory: [mem 0x000a0000-0x000effff]
[    0.000000] PM: Registered nosave memory: [mem 0x000f0000-0x000fffff]
[    0.000000] e820: [mem 0x64000000-0xfebfffff] available for PCI devices
[    0.000000] Booting paravirtualized kernel on KVM
[    0.000000] clocksource: refined-jiffies: mask: 0xffffffff max_cycles: 0xffffffff, max_idle_ns: 7645519600211568 ns
[    0.000000] random: get_random_bytes called from start_kernel+0x99/0x500 with crng_init=0
[    0.000000] setup_percpu: NR_CPUS:8192 nr_cpumask_bits:2 nr_cpu_ids:2 nr_node_ids:1
[    0.000000] percpu: Embedded 50 pages/cpu s167936 r8192 d28672 u1048576
[    0.000000] PV qspinlock hash table entries: 256 (order: 0, 4096 bytes)
[    0.000000] Built 1 zonelists, mobility grouping on.  Total pages: 403065
[    0.000000] Policy zone: DMA32
[    0.000000] Kernel command line: BOOT_IMAGE=/boot/vmlinuz-4.15.0-193-generic root=LABEL=cloudimg-rootfs ro console=tty1 console=ttyS0
[    0.000000] Memory: 1562232K/1637944K available (12300K kernel code, 2484K rwdata, 4324K rodata, 2468K init, 2724K bss, 75712K reserved, 0K cma-reserved)
[    0.000000] SLUB: HWalign=64, Order=0-3, MinObjects=0, CPUs=2, Nodes=1
[    0.000000] Kernel/User page tables isolation: enabled
[    0.000000] ftrace: allocating 39483 entries in 155 pages
[    0.004000] Hierarchical RCU implementation.
[    0.004000] 	RCU restricting CPUs from NR_CPUS=8192 to nr_cpu_ids=2.
[    0.004000] 	Tasks RCU enabled.
[    0.004000] RCU: Adjusting geometry for rcu_fanout_leaf=16, nr_cpu_ids=2
[    0.004000] NR_IRQS: 524544, nr_irqs: 440, preallocated irqs: 16
[    0.004000] Console: colour VGA+ 80x25
[    0.004000] console [tty1] enabled
[    0.004000] console [ttyS0] enabled
[    0.004000] ACPI: Core revision 20170831
[    0.004000] ACPI: 2 ACPI AML tables successfully acquired and loaded
[    0.004000] APIC: Switch to symmetric I/O mode setup
[    0.004000] ..TIMER: vector=0x30 apic1=0 pin1=2 apic2=-1 pin2=-1
[    0.004005] tsc: Detected 2112.000 MHz processor
[    0.008010] Calibrating delay loop (skipped) preset value.. 4224.00 BogoMIPS (lpj=8448000)
[    0.012005] pid_max: default: 32768 minimum: 301
[    0.016064] Security Framework initialized
[    0.020003] Yama: becoming mindful.
[    0.024076] AppArmor: AppArmor initialized
[    0.037637] Dentry cache hash table entries: 262144 (order: 9, 2097152 bytes)
[    0.044685] Inode-cache hash table entries: 131072 (order: 8, 1048576 bytes)
[    0.048117] Mount-cache hash table entries: 4096 (order: 3, 32768 bytes)
[    0.052124] Mountpoint-cache hash table entries: 4096 (order: 3, 32768 bytes)
[    0.057677] Last level iTLB entries: 4KB 64, 2MB 8, 4MB 8
[    0.060003] Last level dTLB entries: 4KB 64, 2MB 0, 4MB 0, 1GB 4
[    0.064003] Spectre V1 : Mitigation: usercopy/swapgs barriers and __user pointer sanitization
[    0.068002] Spectre V2 : Mitigation: Retpolines
[    0.072002] Spectre V2 : Spectre v2 / SpectreRSB mitigation: Filling RSB on context switch
[    0.076002] Speculative Store Bypass: Vulnerable
[    0.080076] MDS: Mitigation: Clear CPU buffers
[    0.084002] MMIO Stale Data: Mitigation: Clear CPU buffers
[    0.088138] Freeing SMP alternatives memory: 36K
[    0.205654] smpboot: CPU0: Intel(R) Core(TM) i7-8650U CPU @ 1.90GHz (family: 0x6, model: 0x8e, stepping: 0xa)
[    0.208389] Performance Events: unsupported p6 CPU model 142 no PMU driver, software events only.
[    0.212092] Hierarchical SRCU implementation.
[    0.216747] NMI watchdog: Perf event create on CPU 0 failed with -2
[    0.220002] NMI watchdog: Perf NMI watchdog permanently disabled
[    0.224316] smp: Bringing up secondary CPUs ...
[    0.232598] x86: Booting SMP configuration:
[    0.236002] .... node  #0, CPUs:      #1
[    0.004000] kvm-clock: cpu 1, msr 0:63f44041, secondary cpu clock
[    0.248000] TSC synchronization [CPU#0 -> CPU#1]:
[    0.248000] Measured 70324 cycles TSC warp between CPUs, turning off TSC clock.
[    0.248000] tsc: Marking TSC unstable due to check_tsc_sync_source failed
[    0.252259] smp: Brought up 1 node, 2 CPUs
[    0.256004] smpboot: Max logical packages: 1
[    0.260003] smpboot: Total of 2 processors activated (8448.00 BogoMIPS)
[    0.268529] devtmpfs: initialized
[    0.272105] x86/mm: Memory block size: 128MB
[    0.276428] evm: security.selinux
[    0.280002] evm: security.SMACK64
[    0.282970] evm: security.SMACK64EXEC
[    0.284002] evm: security.SMACK64TRANSMUTE
[    0.288002] evm: security.SMACK64MMAP
[    0.292002] evm: security.apparmor
[    0.296002] evm: security.ima
[    0.300002] evm: security.capability
[    0.304428] clocksource: jiffies: mask: 0xffffffff max_cycles: 0xffffffff, max_idle_ns: 7645041785100000 ns
[    0.308006] futex hash table entries: 512 (order: 3, 32768 bytes)
[    0.312130] pinctrl core: initialized pinctrl subsystem
[    0.316532] RTC time: 14:48:23, date: 09/26/22
[    0.324214] NET: Registered protocol family 16
[    0.328111] audit: initializing netlink subsys (disabled)
[    0.332213] audit: type=2000 audit(1664203708.260:1): state=initialized audit_enabled=0 res=1
[    0.344004] cpuidle: using governor ladder
[    0.348006] cpuidle: using governor menu
[    0.352025] ACPI: bus type PCI registered
[    0.356002] acpiphp: ACPI Hot Plug PCI Controller Driver version: 0.5
[    0.360471] PCI: Using configuration type 1 for base access
[    0.368385] HugeTLB registered 2.00 MiB page size, pre-allocated 0 pages
[    0.376232] ACPI: Added _OSI(Module Device)
[    0.380003] ACPI: Added _OSI(Processor Device)
[    0.384002] ACPI: Added _OSI(3.0 _SCP Extensions)
[    0.388002] ACPI: Added _OSI(Processor Aggregator Device)
[    0.392003] ACPI: Added _OSI(Linux-Dell-Video)
[    0.396002] ACPI: Added _OSI(Linux-Lenovo-NV-HDMI-Audio)
[    0.400002] ACPI: Added _OSI(Linux-HPI-Hybrid-Graphics)
[    0.404859] ACPI: Executed 1 blocks of module-level executable AML code
[    0.412586] ACPI: Interpreter enabled
[    0.416010] ACPI: (supports S0 S5)
[    0.419076] ACPI: Using IOAPIC for interrupt routing
[    0.420450] PCI: Using host bridge windows from ACPI; if necessary, use "pci=nocrs" and report a bug
[    0.424289] ACPI: Enabled 2 GPEs in block 00 to 07
[    0.441491] ACPI: PCI Root Bridge [PCI0] (domain 0000 [bus 00-ff])
[    0.444006] acpi PNP0A03:00: _OSC: OS supports [ASPM ClockPM Segments MSI]
[    0.448736] acpi PNP0A03:00: _OSC: not requesting OS control; OS requires [ExtendedConfig ASPM ClockPM MSI]
[    0.452010] acpi PNP0A03:00: fail to add MMCONFIG information, can't access extended PCI configuration space under this bridge.
[    0.456817] PCI host bridge to bus 0000:00
[    0.460003] pci_bus 0000:00: root bus resource [io  0x0000-0x0cf7 window]
[    0.464003] pci_bus 0000:00: root bus resource [io  0x0d00-0xffff window]
[    0.468003] pci_bus 0000:00: root bus resource [mem 0x000a0000-0x000bffff window]
[    0.472003] pci_bus 0000:00: root bus resource [mem 0x64000000-0xfdffffff window]
[    0.476003] pci_bus 0000:00: root bus resource [bus 00-ff]
[    0.490066] pci 0000:00:01.1: legacy IDE quirk: reg 0x10: [io  0x01f0-0x01f7]
[    0.492002] pci 0000:00:01.1: legacy IDE quirk: reg 0x14: [io  0x03f6]
[    0.496002] pci 0000:00:01.1: legacy IDE quirk: reg 0x18: [io  0x0170-0x0177]
[    0.500002] pci 0000:00:01.1: legacy IDE quirk: reg 0x1c: [io  0x0376]
[    0.526163] pci 0000:00:07.0: quirk: [io  0x4000-0x403f] claimed by PIIX4 ACPI
[    0.528037] pci 0000:00:07.0: quirk: [io  0x4100-0x410f] claimed by PIIX4 SMB
[    0.550665] ACPI: PCI Interrupt Link [LNKA] (IRQs 5 9 10 *11)
[    0.552532] ACPI: PCI Interrupt Link [LNKB] (IRQs 5 9 *10 11)
[    0.556199] ACPI: PCI Interrupt Link [LNKC] (IRQs 5 *9 10 11)
[    0.564160] ACPI: PCI Interrupt Link [LNKD] (IRQs 5 9 10 *11)
[    0.568688] SCSI subsystem initialized
[    0.572195] pci 0000:00:02.0: vgaarb: setting as boot VGA device
[    0.576000] pci 0000:00:02.0: vgaarb: VGA device added: decodes=io+mem,owns=io+mem,locks=none
[    0.576008] pci 0000:00:02.0: vgaarb: bridge control possible
[    0.580002] vgaarb: loaded
[    0.582703] ACPI: bus type USB registered
[    0.584034] usbcore: registered new interface driver usbfs
[    0.588009] usbcore: registered new interface driver hub
[    0.592012] usbcore: registered new device driver usb
[    0.596300] EDAC MC: Ver: 3.0.0
[    0.601139] PCI: Using ACPI for IRQ routing
[    0.605083] NetLabel: Initializing
[    0.608003] NetLabel:  domain hash size = 128
[    0.612003] NetLabel:  protocols = UNLABELED CIPSOv4 CALIPSO
[    0.616020] NetLabel:  unlabeled traffic allowed by default
[    0.620198] clocksource: Switched to clocksource kvm-clock
[    0.647841] VFS: Disk quotas dquot_6.6.0
[    0.647841] VFS: Dquot-cache hash table entries: 512 (order 0, 4096 bytes)
[    0.647841] AppArmor: AppArmor Filesystem Enabled
[    0.647841] pnp: PnP ACPI init
[    0.647841] pnp: PnP ACPI: found 3 devices
[    0.731970] clocksource: acpi_pm: mask: 0xffffff max_cycles: 0xffffff, max_idle_ns: 2085701024 ns
[    0.732292] NET: Registered protocol family 2
[    0.732292] IP idents hash table entries: 32768 (order: 6, 262144 bytes)
[    0.752149] TCP established hash table entries: 16384 (order: 5, 131072 bytes)
[    0.759823] TCP bind hash table entries: 16384 (order: 6, 262144 bytes)
[    0.767018] TCP: Hash tables configured (established 16384 bind 16384)
[    0.770083] UDP hash table entries: 1024 (order: 3, 32768 bytes)
[    0.770083] UDP-Lite hash table entries: 1024 (order: 3, 32768 bytes)
[    0.770083] NET: Registered protocol family 1
[    0.770083] pci 0000:00:00.0: Limiting direct PCI/PCI transfers
[    0.770083] pci 0000:00:01.0: Activating ISA DMA hang workarounds
[    0.770083] pci 0000:00:02.0: Video device with shadowed ROM at [mem 0x000c0000-0x000dffff]
[    0.770083] Unpacking initramfs...
[    1.224158] Freeing initrd memory: 19528K
[    1.228755] clocksource: tsc: mask: 0xffffffffffffffff max_cycles: 0x1e71785e5dd, max_idle_ns: 440795244814 ns
[    1.237330] platform rtc_cmos: registered platform RTC device (no PNP device found)
[    1.244473] Scanning for low memory corruption every 60 seconds
[    1.251535] Initialise system trusted keyrings
[    1.256318] Key type blacklist registered
[    1.261229] workingset: timestamp_bits=36 max_order=19 bucket_order=0
[    1.269646] zbud: loaded
[    1.273943] squashfs: version 4.0 (2009/01/31) Phillip Lougher
[    1.280626] fuse init (API version 7.26)
[    1.306236] Key type asymmetric registered
[    1.310549] Asymmetric key parser 'x509' registered
[    1.315046] Block layer SCSI generic (bsg) driver version 0.4 loaded (major 246)
[    1.322460] io scheduler noop registered
[    1.326479] io scheduler deadline registered
[    1.330473] io scheduler cfq registered (default)
[    1.335552] ACPI: AC Adapter [AC] (on-line)
[    1.339908] input: Power Button as /devices/LNXSYSTM:00/LNXPWRBN:00/input/input0
[    1.348639] ACPI: Power Button [PWRF]
[    1.353234] input: Sleep Button as /devices/LNXSYSTM:00/LNXSLPBN:00/input/input1
[    1.360839] ACPI: Sleep Button [SLPF]
[    1.367065] ACPI: Battery Slot [BAT0] (battery present)
[    1.369459] Serial: 8250/16550 driver, 32 ports, IRQ sharing enabled
[    1.409870] 00:02: ttyS0 at I/O 0x3f8 (irq = 4, base_baud = 115200) is a 16550A
[    1.419620] Linux agpgart interface v0.103
[    1.429537] loop: module loaded
[    1.436696] scsi host0: ata_piix
[    1.441729] scsi host1: ata_piix
[    1.445387] ata1: PATA max UDMA/33 cmd 0x1f0 ctl 0x3f6 bmdma 0xd000 irq 14
[    1.451917] ata2: PATA max UDMA/33 cmd 0x170 ctl 0x376 bmdma 0xd008 irq 15
[    1.458560] tun: Universal TUN/TAP device driver, 1.6
[    1.464305] PPP generic driver version 2.4.2
[    1.470237] ehci_hcd: USB 2.0 'Enhanced' Host Controller (EHCI) Driver
[    1.476561] ehci-pci: EHCI PCI platform driver
[    1.480917] ehci-platform: EHCI generic platform driver
[    1.486053] ohci_hcd: USB 1.1 'Open' Host Controller (OHCI) Driver
[    1.492230] ohci-pci: OHCI PCI platform driver
[    1.496639] ohci-platform: OHCI generic platform driver
[    1.501796] uhci_hcd: USB Universal Host Controller Interface driver
[    1.508879] i8042: PNP: PS/2 Controller [PNP0303:PS2K,PNP0f03:PS2M] at 0x60,0x64 irq 1,12
[    1.519913] serio: i8042 KBD port at 0x60,0x64 irq 1
[    1.525678] serio: i8042 AUX port at 0x60,0x64 irq 12
[    1.531034] mousedev: PS/2 mouse device common for all mice
[    1.538088] input: AT Translated Set 2 keyboard as /devices/platform/i8042/serio0/input/input2
[    1.548848] rtc_cmos rtc_cmos: rtc core: registered rtc_cmos as rtc0
[    1.556037] rtc_cmos rtc_cmos: alarms up to one day, 114 bytes nvram
[    1.562278] i2c /dev entries driver
[    1.565784] device-mapper: uevent: version 1.0.3
[    1.570581] device-mapper: ioctl: 4.37.0-ioctl (2017-09-20) initialised: dm-devel@redhat.com
[    1.578558] ledtrig-cpu: registered to indicate activity on CPUs
[    1.588143] NET: Registered protocol family 10
[    1.601432] Segment Routing with IPv6
[    1.605695] NET: Registered protocol family 17
[    1.610381] Key type dns_resolver registered
[    1.615639] mce: Using 0 MCE banks
[    1.620334] RAS: Correctable Errors collector initialized.
[    1.625805] sched_clock: Marking stable (1625760534, 0)->(2465797859, -840037325)
[    1.686803] registered taskstats version 1
[    1.691394] Loading compiled-in X.509 certificates
[    1.701134] Loaded X.509 cert 'Build time autogenerated kernel key: b9e621348ccbcfe28d0c51e4c3b595dc856bdd44'
[    1.710673] Loaded X.509 cert 'Canonical Ltd. Live Patch Signing: 14df34d1a87cf37625abec039ef2bf521249b969'
[    1.720016] Loaded X.509 cert 'Canonical Ltd. Kernel Module Signing: 88f752e560a1e0737e31163a466ad7b70a850c19'
[    1.729341] blacklist: Loading compiled-in revocation X.509 certificates
[    1.736098] Loaded X.509 cert 'Canonical Ltd. Secure Boot Signing: 61482aa2830d0ab2ad5af10b7250da9033ddcef0'
[    1.745530] zswap: loaded using pool lzo/zbud
[    1.759542] Key type big_key registered
[    1.764176] Key type trusted registered
[    1.771621] Key type encrypted registered
[    1.776138] AppArmor: AppArmor sha1 policy hashing enabled
[    1.781130] ima: No TPM chip found, activating TPM-bypass! (rc=-19)
[    1.786967] ima: Allocated hash algorithm: sha1
[    1.791370] evm: HMAC attrs: 0x1
[    1.795471]   Magic number: 6:246:840
[    1.799629] rtc_cmos rtc_cmos: setting system clock to 2022-09-26 14:48:24 UTC (1664203704)
[    1.807575] BIOS EDD facility v0.16 2004-Jun-25, 0 devices found
[    1.813917] EDD information not available.
[    1.821474] Freeing unused kernel image memory: 2468K
[    2.014637] Write protecting the kernel read-only data: 20480k
[    2.028773] Freeing unused kernel image memory: 2008K
[    2.034862] Freeing unused kernel image memory: 1820K
[    2.044994] x86/mm: Checked W+X mappings: passed, no W+X pages found.
[    2.050785] x86/mm: Checking user space page tables
[    2.059662] x86/mm: Checked W+X mappings: passed, no W+X pages found.
Loading, please wait...
starting version 237
[    2.153373] e1000: Intel(R) PRO/1000 Network Driver - version 7.3.21-k8-NAPI
[    2.160420] e1000: Copyright (c) 1999-2006 Intel Corporation.
[    2.177802] Fusion MPT base driver 3.04.20
[    2.182371] Copyright (c) 1999-2008 LSI Corporation
[    2.220654] Fusion MPT SPI Host driver 3.04.20
[    2.414012] input: ImExPS/2 Generic Explorer Mouse as /devices/platform/i8042/serio1/input/input4
[    2.890545] e1000 0000:00:03.0 eth0: (PCI:33MHz:32-bit) 02:5a:5a:5b:d3:71
[    2.897295] e1000 0000:00:03.0 eth0: Intel(R) PRO/1000 Network Connection
[    3.584797] e1000 0000:00:08.0 eth1: (PCI:33MHz:32-bit) 08:00:27:8e:b5:03
[    3.591608] e1000 0000:00:08.0 eth1: Intel(R) PRO/1000 Network Connection
[    3.600201] mptbase: ioc0: Initiating bringup
[    3.946772] ioc0: LSI53C1030 A0: Capabilities={Initiator}
[    4.349853] scsi host2: ioc0: LSI53C1030 A0, FwRev=00000000h, Ports=1, MaxQ=256, IRQ=20
[    4.984914] scsi 2:0:0:0: Direct-Access     VBOX     HARDDISK         1.0  PQ: 0 ANSI: 5
[    5.040225] scsi target2:0:0: Beginning Domain Validation
[    5.054140] scsi target2:0:0: Domain Validation skipping write tests
[    5.060670] scsi target2:0:0: Ending Domain Validation
[    5.065939] scsi target2:0:0: asynchronous
[    5.071993] random: fast init done
[    5.076545] scsi 2:0:1:0: Direct-Access     VBOX     HARDDISK         1.0  PQ: 0 ANSI: 5
[    5.452198] scsi target2:0:1: Beginning Domain Validation
[    5.465526] scsi target2:0:1: Domain Validation skipping write tests
[    5.472273] scsi target2:0:1: Ending Domain Validation
[    5.478127] scsi target2:0:1: asynchronous
[    5.494659] random: systemd-udevd: uninitialized urandom read (16 bytes read)
[    5.503039] sd 2:0:0:0: Attached scsi generic sg0 type 0
[    5.509310] sd 2:0:0:0: [sda] 83886080 512-byte logical blocks: (42.9 GB/40.0 GiB)
[    5.517483] sd 2:0:1:0: Attached scsi generic sg1 type 0
[    5.523913] sd 2:0:0:0: [sda] Write Protect is off
[    5.529697] sd 2:0:1:0: [sdb] 20480 512-byte logical blocks: (10.5 MB/10.0 MiB)
[    5.537571] random: systemd-udevd: uninitialized urandom read (16 bytes read)
[    5.545229] sd 2:0:1:0: [sdb] Write Protect is off
[    5.550395] random: systemd-udevd: uninitialized urandom read (16 bytes read)
[    5.558062] sd 2:0:1:0: [sdb] Incomplete mode parameter data
[    5.564292] sd 2:0:1:0: [sdb] Assuming drive cache: write through
[    5.570890] sd 2:0:0:0: [sda] Incomplete mode parameter data
[    5.577455] sd 2:0:0:0: [sda] Assuming drive cache: write through
[    5.591928] sd 2:0:1:0: [sdb] Attached SCSI disk
[    5.601093]  sda: sda1
[    5.608323] sd 2:0:0:0: [sda] Attached SCSI disk
[    5.713558] e1000 0000:00:09.0 eth2: (PCI:33MHz:32-bit) 08:00:27:13:d2:22
[    5.720563] e1000 0000:00:09.0 eth2: Intel(R) PRO/1000 Network Connection
[    5.728991] e1000 0000:00:03.0 enp0s3: renamed from eth0
[    6.096918] e1000 0000:00:09.0 enp0s9: renamed from eth2
[    6.113268] e1000 0000:00:08.0 enp0s8: renamed from eth1
Begin: Loading essential drivers ... [   13.096794] raid6: sse2x1   gen() 267213 MB/s
[   15.093550] raid6: sse2x1   xor() 228328 MB/s
[   16.095566] raid6: sse2x2   gen() 382004 MB/s
[   17.094896] raid6: sse2x2   xor() 259416 MB/s
[   18.095666] raid6: sse2x4   gen() 442648 MB/s
[   18.149987] raid6: sse2x4   xor() 11162 MB/s
[   18.155173] raid6: using algorithm sse2x4 gen() 442648 MB/s
[   18.161043] raid6: .... xor() 11162 MB/s, rmw enabled
[   18.166328] raid6: using ssse3x2 recovery algorithm
[   18.173758] xor: measuring software checksum speed
[   18.216247]    prefetch64-sse: 22193.000 MB/sec
[   18.261784]    generic_sse: 20593.000 MB/sec
[   18.266598] xor: using function: prefetch64-sse (22193.000 MB/sec)
[   18.274638] async_tx: api initialized (async)
done.
Begin: Running /scripts/init-premount ... done.
Begin: Mounting root file system ... Begin: Running /scripts/local-top ... done.
Begin: Running /scripts/local-premount ... [   18.341753] Btrfs loaded, crc32c=crc32c-intel
Scanning for Btrfs filesystems
done.
Warning: fsck not present, so skipping root file system
[   18.405583] EXT4-fs (sda1): mounted filesystem with ordered data mode. Opts: (null)
done.
Begin: Running /scripts/local-bottom ... done.
Begin: Running /scripts/init-bottom ... done.
[   18.671650] ip_tables: (C) 2000-2006 Netfilter Core Team
[   18.694697] systemd[1]: systemd 237 running in system mode. (+PAM +AUDIT +SELINUX +IMA +APPARMOR +SMACK +SYSVINIT +UTMP +LIBCRYPTSETUP +GCRYPT +GNUTLS +ACL +XZ +LZ4 +SECCOMP +BLKID +ELFUTILS +KMOD -IDN2 +IDN -PCRE2 default-hierarchy=hybrid)
[   18.713871] systemd[1]: Detected virtualization oracle.
[   18.719023] systemd[1]: Detected architecture x86-64.

Welcome to [1mUbuntu 18.04.6 LTS[0m!

[   18.755810] systemd[1]: Set hostname to <ubuntu>.
[   18.768880] systemd[1]: Initializing machine ID from random generator.
[   18.774460] systemd[1]: Installed transient /etc/machine-id file.
[   19.144260] systemd[1]: Reached target System Time Synchronized.
[[0;32m  OK  [0m] Reached target System Time Synchronized.
[   19.162933] systemd[1]: Created slice System Slice.
[[0;32m  OK  [0m] Created slice System Slice.
[   19.169667] systemd[1]: Listening on udev Control Socket.
[[0;32m  OK  [0m] Listening on udev Control Socket.
[   19.177056] systemd[1]: Listening on /dev/initctl Compatibility Named Pipe.
[[0;32m  OK  [0m] Listening on /dev/initctl Compatibility Named Pipe.
[[0;32m  OK  [0m] Listening on Syslog Socket.
[[0;32m  OK  [0m] Listening on LVM2 poll daemon socket.
[[0;32m  OK  [0m] Created slice system-serial\x2dgetty.slice.
[[0;32m  OK  [0m] Listening on Device-mapper event daemon FIFOs.
[[0;32m  OK  [0m] Reached target Swap.
[[0;32m  OK  [0m] Set up automount Arbitrary Executab…rmats File System Automount Point.
[[0;32m  OK  [0m] Listening on Network Service Netlink Socket.
[[0;32m  OK  [0m] Listening on fsck to fsckd communication Socket.
[[0;32m  OK  [0m] Listening on LVM2 metadata daemon socket.
[[0;32m  OK  [0m] Created slice User and Session Slice.
[[0;32m  OK  [0m] Listening on Journal Socket (/dev/log).
[[0;32m  OK  [0m] Started Forward Password Requests to Wall Directory Watch.
[[0;32m  OK  [0m] Listening on Journal Audit Socket.
[[0;32m  OK  [0m] Reached target User and Group Name Lookups.
[[0;32m  OK  [0m] Listening on udev Kernel Socket.
[[0;32m  OK  [0m] Listening on Journal Socket.
         Starting Load Kernel Modules...
         Starting Uncomplicated firewall...
         Mounting POSIX Message Queue File System...
         Mounting Kernel Debug File System...
         Starting udev Coldplug all Devices...
         Starting File System Check on Root Device...
[   19.250242] Loading iSCSI transport class v2.0-870.
         Starting Monitoring of LVM2 mirrors…ng dmeventd or progress polling...
         Mounting Huge Pages File System...
         Starting Set the console keyboard layout...
         [   19.315542] iscsi: registered transport (tcp)
Starting Create list of required st…ce nodes for the current kernel...
[[0;32m  OK  [0m] Reached target Slices.
         Starting Journal Service...
[[0;32m  OK  [0m] Started Uncomplicated firewall.
[[0;32m  OK  [0m] Mounted POSIX Message Queue File System.
[[0;32m  OK  [0m] Mounted Kernel Debug File System.
[[0;32m  OK  [0m] Mounted Huge Pages File System.
[[0;32m  OK  [0m] Started File System Check Daemon to report status.
[[0;32m  OK  [0m] Started LVM2 metadata daemon.
[[0;32m  OK  [0m] Started udev Coldplug all Devices.
[[0;32m  OK  [0m] Started Create list of required sta…vice nodes for the current kernel.
         Starting Create Static Device Nodes in /dev...
[[0;32m  OK  [0m] Started File System Check on Root Device.
         Starting Remount Root and Kernel File Systems...
[[0;32m  OK  [0m] Started Journal Service.
[   19.509068] iscsi: registered transport (iser)
[[0;32m  OK  [0m] Started Load Kernel Modules.
         Mounting Kernel Configuration File System...
         Mounting FUSE Control File System...
         Starting Apply Kernel Variables...
[[0;32m  OK  [0m] Mounted Kernel Configuration File System.
[[0;32m  OK  [0m] Mounted FUSE Control File System.
[[0;32m  OK  [0m] Started Create Static Device Nodes in /dev.
[   19.570130] EXT4-fs (sda1): re-mounted. Opts: (null)
[[0;32m  OK  [0m] Started Remount Root and Kernel File Systems.
         Starting Load/Save Random Seed...
         Starting udev Kernel Device Manager...
         Starting Flush Journal to Persistent Storage...
[[0;32m  OK  [0m] Started Monitoring of LVM2 mirrors,…sing dmeventd or progress polling.
[[0;32m  OK  [0m] Started Load/Save Random Seed.
[[0;32m  OK  [0m] Started udev Kernel Device Manager.
[[0;32m  OK  [0m] Started Apply Kernel Variables.
[[0;32m  OK  [0m] Started Flush Journal to Persistent Storage.
[[0;32m  OK  [0m] Found device /dev/ttyS0.
[[0;32m  OK  [0m] Listening on Load/Save RF Kill Switch Status /dev/rfkill Watch.
[[0;32m  OK  [0m] Started Set the console keyboard layout.
[[0;32m  OK  [0m] Reached target Local File Systems (Pre).
[[0;32m  OK  [0m] Reached target Local File Systems.
         Starting Tell Plymouth To Write Out Runtime Data...
         Starting Set console font and keymap...
         Starting ebtables ruleset management...
         Starting Create Volatile Files and Directories...
         Starting Commit a transient machine-id on disk...
         Starting AppArmor initialization...
[[0;32m  OK  [0m] Started Dispatch Password Requests to Console Directory Watch.
[[0;32m  OK  [0m] Reached target Local Encrypted Volumes.
[[0;32m  OK  [0m] Started Tell Plymouth To Write Out Runtime Data.
[[0;32m  OK  [0m] Started Set console font and keymap.
[[0;32m  OK  [0m] Started Create Volatile Files and Directories.
[[0;32m  OK  [0m] Started Commit a transient machine-id on disk.
         Starting Update UTMP about System Boot/Shutdown...
[[0;32m  OK  [0m] Started Update UTMP about System Boot/Shutdown.
[[0;32m  OK  [0m] Started ebtables ruleset management.
[[0;32m  OK  [0m] Started AppArmor initialization.
         Starting Load AppArmor profiles managed internally by snapd...
         Starting Initial cloud-init job (pre-networking)...
[[0;32m  OK  [0m] Started Load AppArmor profiles managed internally by snapd.
[   22.854946] cloud-init[573]: Cloud-init v. 22.2-0ubuntu1~18.04.3 running 'init-local' at Mon, 26 Sep 2022 14:48:45 +0000. Up 22.47 seconds.
[[0;32m  OK  [0m] Started Initial cloud-init job (pre-networking).
[[0;32m  OK  [0m] Reached target Network (Pre).
         Starting Network Service...
[[0;32m  OK  [0m] Started Network Service.
         Starting Wait for Network to be Configured...
         Starting Network Name Resolution...
[[0;32m  OK  [0m] Started Network Name Resolution.
[[0;32m  OK  [0m] Reached target Network.
[[0;32m  OK  [0m] Reached target Host and Network Name Lookups.
[[0;32m  OK  [0m] Started Wait for Network to be Configured.
         Starting Initial cloud-init job (metadata service crawler)...
[   24.956542] cloud-init[687]: Cloud-init v. 22.2-0ubuntu1~18.04.3 running 'init' at Mon, 26 Sep 2022 14:48:47 +0000. Up 24.81 seconds.
[   24.960943] cloud-init[687]: ci-info: ++++++++++++++++++++++++++++++++++++++Net device info+++++++++++++++++++++++++++++++++++++++
[   24.965046] cloud-init[687]: ci-info: +--------+-------+----------------------------+---------------+--------+-------------------+
[   24.969518] cloud-init[687]: ci-info: | Device |   Up  |          Address           |      Mask     | Scope  |     Hw-Address    |
[   24.973664] cloud-init[687]: ci-info: +--------+-------+----------------------------+---------------+--------+-------------------+
[   24.977976] cloud-init[687]: ci-info: | enp0s3 |  True |         10.0.2.15          | 255.255.255.0 | global | 02:5a:5a:5b:d3:71 |
[   24.982636] cloud-init[687]: ci-info: | enp0s3 |  True | fe80::5a:5aff:fe5b:d371/64 |       .       |  link  | 02:5a:5a:5b:d3:71 |
[   24.987491] cloud-init[687]: ci-info: | enp0s8 | False |             .              |       .       |   .    | 08:00:27:8e:b5:03 |
[   24.992373] cloud-init[687]: ci-info: | enp0s9 | False |             .              |       .       |   .    | 08:00:27:13:d2:22 |
[   24.996600] cloud-init[687]: ci-info: |   lo   |  True |         127.0.0.1          |   255.0.0.0   |  host  |         .         |
[   25.000473] cloud-init[687]: ci-info: |   lo   |  True |          ::1/128           |       .       |  host  |         .         |
[   25.004538] cloud-init[687]: ci-info: +--------+-------+----------------------------+---------------+--------+-------------------+
[   25.009232] cloud-init[687]: ci-info: ++++++++++++++++++++++++++++Route IPv4 info+++++++++++++++++++++++++++++
[   25.012916] cloud-init[687]: ci-info: +-------+-------------+----------+-----------------+-----------+-------+
[   25.016416] cloud-init[687]: ci-info: | Route | Destination | Gateway  |     Genmask     | Interface | Flags |
[   25.019702] cloud-init[687]: ci-info: +-------+-------------+----------+-----------------+-----------+-------+
[   25.023163] cloud-init[687]: ci-info: |   0   |   0.0.0.0   | 10.0.2.2 |     0.0.0.0     |   enp0s3  |   UG  |
[   25.026724] cloud-init[687]: ci-info: |   1   |   10.0.2.0  | 0.0.0.0  |  255.255.255.0  |   enp0s3  |   U   |
[   25.030398] cloud-init[687]: ci-info: |   2   |   10.0.2.2  | 0.0.0.0  | 255.255.255.255 |   enp0s3  |   UH  |
[   25.033876] cloud-init[687]: ci-info: +-------+-------------+----------+-----------------+-----------+-------+
[   25.037369] cloud-init[687]: ci-info: +++++++++++++++++++Route IPv6 info+++++++++++++++++++
[   25.040455] cloud-init[687]: ci-info: +-------+-------------+---------+-----------+-------+
[   25.045517] cloud-init[687]: ci-info: | Route | Destination | Gateway | Interface | Flags |
[   25.049956] cloud-init[687]: ci-info: +-------+-------------+---------+-----------+-------+
[   25.053498] cloud-init[687]: ci-info: |   1   |  fe80::/64  |    ::   |   enp0s3  |   U   |
[   25.056787] cloud-init[687]: ci-info: |   3   |    local    |    ::   |   enp0s3  |   U   |
[   25.059748] cloud-init[687]: ci-info: |   4   |   ff00::/8  |    ::   |   enp0s3  |   U   |
[   25.062675] cloud-init[687]: ci-info: +-------+-------------+---------+-----------+-------+
[   26.043007] cloud-init[687]: Generating public/private rsa key pair.
[   26.046100] cloud-init[687]: Your identification has been saved in /etc/ssh/ssh_host_rsa_key.
[   26.050384] cloud-init[687]: Your public key has been saved in /etc/ssh/ssh_host_rsa_key.pub.
[   26.055073] cloud-init[687]: The key fingerprint is:
[   26.057316] cloud-init[687]: SHA256:B9GVa7Ezj0ZejQGkvXTPUw2vnRBEdUC8W2i0AeZQsnQ root@ubuntu-bionic
[   26.060494] cloud-init[687]: The key's randomart image is:
[   26.063068] cloud-init[687]: +---[RSA 2048]----+
[   26.065582] cloud-init[687]: |        ..++EX=o.|
[   26.067926] cloud-init[687]: |         o.Xo *oo|
[   26.069728] cloud-init[687]: |        . o +*.O+|
[   26.071479] cloud-init[687]: |         . .BoO==|
[   26.073620] cloud-init[687]: |        S .+.B.=+|
[   26.075566] cloud-init[687]: |         .  + o .|
[   26.077879] cloud-init[687]: |           .     |
[   26.080456] cloud-init[687]: |                 |
[   26.082656] cloud-init[687]: |                 |
[   26.084327] cloud-init[687]: +----[SHA256]-----+
[   26.086281] cloud-init[687]: Generating public/private dsa key pair.
[   26.088717] cloud-init[687]: Your identification has been saved in /etc/ssh/ssh_host_dsa_key.
[   26.091913] cloud-init[687]: Your public key has been saved in /etc/ssh/ssh_host_dsa_key.pub.
[   26.096665] cloud-init[687]: The key fingerprint is:
[   26.101351] cloud-init[687]: SHA256:EIYihkNsD9HjBmyLjP8e6PSWwdkqAhcUF7zZ8AiZyjU root@ubuntu-bionic
[   26.107196] cloud-init[687]: The key's randomart image is:
[   26.111853] cloud-init[687]: +---[DSA 1024]----+
[   26.116676] cloud-init[687]: |=o+=ooo          |
[   26.121074] cloud-init[687]: |+O*E+. .         |
[   26.125515] cloud-init[687]: |O=BooB.          |
[   26.129870] cloud-init[687]: [[0;32m  OK  [0m] Started Initial cloud-init job (metadata service crawler).
[[0;32m  OK  [0m] Reached target Cloud-config availability.
[[0;32m  OK  [0m] Reached target Network is Online.
|++.++ o.         |         Starting Availability of block devices...
[[0;32m  OK  [0m] Reached target Remote File Systems (Pre).
[[0;32m  OK  [0m] Reached target Remote File Systems.
[[0;32m  OK  [0m] Reached target System Initialization.
[[0;32m  OK  [0m] Started Daily apt download activities.
[[0;32m  OK  [0m] Started Discard unused blocks once a week.
[[0;32m  OK  [0m] Listening on ACPID Listen Socket.
         Starting LXD - unix socket.
[[0;32m  OK  [0m] Listening on Open-iSCSI iscsid Socket.
[[0;32m  OK  [0m] Started ACPI Events Check.
[[0;32m  OK  [0m] Reached target Paths.
[[0;32m  OK  [0m] Listening on cloud-init hotplug hook socket.
[[0;32m  OK  [0m] Listening on D-Bus System Message Bus Socket.
[[0;32m  OK  [0m] Started Ubuntu Advantage Timer for running repeated jobs.
         Starting Socket activation for snappy daemon.
[[0;32m  OK  [0m] Started Daily apt upgrade and clean activities.
[[0;32m  OK  [0m] Listening on UUID daemon activation socket.
[[0;32m  OK  [0m] Started Message of the Day.
[[0;32m  OK  [0m] Started Daily Cleanup of Temporary Directories.
[[0;32m  OK  [0m] Reached target Timers.
[[0;32m  OK  [0m] Started Availability of block devices.
[[0;32m  OK  [0m] Listening on LXD - unix socket.

[[0;32m  OK  [0m] Listening on Socket activation for snappy daemon.
[   26.181000] cloud-init[[0;32m  OK  [0m] Reached target Sockets.
[[0;32m  OK  [0m] Reached target Basic System.
         Starting Pollinate to seed the pseudo random number generator...
[[0;32m  OK  [0m] Started irqbalance daemon.
[[0;32m  OK  [0m] Started Deferred execution scheduler.
[[0;32m  OK  [0m] Started FUSE filesystem for LXC.
[687]: | ..o o  S        |         Starting Dispatcher daemon for systemd-networkd...
         Starting Virtualbox guest utils...

         Starting Accounts Service...
         Starting LXD - container startup/shutdown...
[   26.218875] cloud-init[687]: |. o.+ .          |
[   26.223674] cloud-init[687]: |..o..+           |
[   26.229836] cloud-init[687]: |.o..=.           |
[   26.234755] cloud-init[687]: | ..+o            |
[   26.239453] cloud-init[687]: +----[SHA256]-----+
[   26.244548] cloud-init[687]: Generating public/private ecdsa key pair.
[   26.251069] cloud-init[687]: Your identification has been saved in /etc/ssh/ssh_host_ecdsa_key.
[   26.262205] cloud-init[687]: Your public key has been saved in /etc/ssh/ssh_host_ecdsa_key.pub.
[   26.270984] cloud-init[687]: The key fingerprint is:
[   26.277077] cloud-init[687]: SHA256:csavXKUsEQbRhEbuzzVdea3xNn7kl4UAKseUZkdRjgM root@ubuntu-bionic
[   26.284896] cloud-init[687]: The key's randomart image is:
[   26.291145] [[0;32m  OK  [0m] Started Regular background program processing daemon.
         Starting Login Service...
cloud-init[687]:          Starting System Logging Service...
         Starting LSB: Record successful boot for GRUB...
         Starting Permit User Sessions...
         Starting LSB: automatic crash report generation...
[[0;32m  OK  [0m] Started D-Bus System Message Bus.
+---[ECDSA 256]---+
[   26.327382] cloud-init[687]: |     .+=Eo+o.    |
[   26.335756] cloud-init[687]: |     .o+=o.+   ..|
[   26.341131] cloud-init[687]: |     .oo*.o o + o|
[   26.346658] cloud-init[687]: |     . = . o o * |
[   26.352917] cloud-init[687]: |      o S o o o.=|
[   26.357850] cloud-init[687]: |       * = +  .++|
[   26.363256] cloud-init[687]: |        + =    o+|
[   26.373275] cloud-init[687]: |       . +      o|
[   26.378234] cloud-init[687]: |        o        |
[   26.383366] cloud-init[687]: +----[SHA256]-----+
[   26.387947] cloud-init[687]: Generating public/private ed25519 key pair.
[   26.393518] cloud-init[687]: Your identification has been saved in /etc/ssh/ssh_host_ed25519_key.
[   26.399964] cloud-init[687]: Your public key has been saved in /etc/ssh/ssh_host_ed25519_key.pub.
[   26.405790] cloud-init[687]: The key fingerprint is:
[   26.410512] cloud-init[687]: SHA256:W5LOumHR+G/gU435z6fJ3ZWLEKfx+qRMxklIzBdCRbg root@ubuntu-bionic
[   26.419156] cloud-init[687]: The key's randomart image is:
[   26.428667] cloud-init[687]: +--[ED25519 256]--+
[   26.437575] cloud-init[687]: |        .o++     |
[   26.447584] cloud-init[687]: |        o.. .    |
[   26.454242] cloud-init[687]: |         +..     |
[   26.458957] cloud-init[687]: |       o.Eo      |
[   26.464375] cloud-init[687]: |      o S..B .   |
[   26.469244] cloud-init[687]: |       =.+* O   .|
[   26.475087] cloud-init[687]: |      o.=o O o ..|
[   26.480400] cloud-init[687]: |     . oo.= *o.o=|
[   26.490171] cloud-init[687]: |      o. o.+.+*+o|
[   26.500825] cloud-init[687]: +----[SHA256]-----+
         Starting Snap Daemon...
[[0;32m  OK  [0m] Started Permit User Sessions.
[[0;32m  OK  [0m] Started System Logging Service.
[[0;32m  OK  [0m] Started Login Service.
[[0;32m  OK  [0m] Started Unattended Upgrades Shutdown.
         Starting Hold until boot process finishes up...
         Starting Terminate Plymouth Boot Screen...
[[0;32m  OK  [0m] Started Hold until boot process finishes up.
[[0;32m  OK  [0m] Started Serial Getty on ttyS0.
         Starting Set console scheme...
[[0;32m  OK  [0m] Started Terminate Plymouth Boot Screen.
[[0;32m  OK  [0m] Started Set console scheme.
[[0;32m  OK  [0m] Created slice system-getty.slice.
[[0;32m  OK  [0m] Started Getty on tty1.
[[0;32m  OK  [0m] Reached target Login Prompts.
         Starting Authorization Manager...
[[0;32m  OK  [0m] Started LSB: automatic crash report generation.
[[0;32m  OK  [0m] Started LSB: Record successful boot for GRUB.
[[0;32m  OK  [0m] Started Dispatcher daemon for systemd-networkd.
[[0;32m  OK  [0m] Started Authorization Manager.
[[0;32m  OK  [0m] Started Accounts Service.
[[0;32m  OK  [0m] Started LXD - container startup/shutdown.
[[0;32m  OK  [0m] Started Virtualbox guest utils.
[[0;32m  OK  [0m] Started Snap Daemon.
         Starting Wait until snapd is fully seeded...
         Starting Time & Date Service...
[[0;32m  OK  [0m] Started Time & Date Service.
[[0;32m  OK  [0m] Started Pollinate to seed the pseudo random number generator.
         Starting OpenBSD Secure Shell server...
[[0;32m  OK  [0m] Started OpenBSD Secure Shell server.
[[0;32m  OK  [0m] Created slice User Slice of vagrant.
         Starting User Manager for UID 1000...
[[0;32m  OK  [0m] Started Session 1 of user vagrant.
[[0;32m  OK  [0m] Started User Manager for UID 1000.
[[0;32m  OK  [0m] Started Wait until snapd is fully seeded.
         Starting Apply the settings specified in cloud-config...
[   31.969371] cloud-init[1320]: Cloud-init v. 22.2-0ubuntu1~18.04.3 running 'modules:config' at Mon, 26 Sep 2022 14:48:54 +0000. Up 31.37 seconds.
ci-info: no authorized SSH keys fingerprints found for user ubuntu.
<14>Sep 26 14:48:55 cloud-init: #############################################################
<14>Sep 26 14:48:55 cloud-init: -----BEGIN SSH HOST KEY FINGERPRINTS-----
<14>Sep 26 14:48:55 cloud-init: 1024 SHA256:EIYihkNsD9HjBmyLjP8e6PSWwdkqAhcUF7zZ8AiZyjU root@ubuntu-bionic (DSA)
<14>Sep 26 14:48:55 cloud-init: 256 SHA256:csavXKUsEQbRhEbuzzVdea3xNn7kl4UAKseUZkdRjgM root@ubuntu-bionic (ECDSA)
<14>Sep 26 14:48:55 cloud-init: 256 SHA256:W5LOumHR+G/gU435z6fJ3ZWLEKfx+qRMxklIzBdCRbg root@ubuntu-bionic (ED25519)
<14>Sep 26 14:48:55 cloud-init: 2048 SHA256:B9GVa7Ezj0ZejQGkvXTPUw2vnRBEdUC8W2i0AeZQsnQ root@ubuntu-bionic (RSA)
<14>Sep 26 14:48:55 cloud-init: -----END SSH HOST KEY FINGERPRINTS-----
<14>Sep 26 14:48:55 cloud-init: #############################################################
-----BEGIN SSH HOST KEY KEYS-----
ecdsa-sha2-nistp256 AAAAE2VjZHNhLXNoYTItbmlzdHAyNTYAAAAIbmlzdHAyNTYAAABBBO44YuzQs2mumAqLynABc+iy+tz3xnyQuk7LZWj/s1Q+6ICwg+KwXpuAGh2kN8bDefiVC09/rJ2vcFo8vp0UiRM= root@ubuntu-bionic
ssh-ed25519 AAAAC3NzaC1lZDI1NTE5AAAAILnNMOedVPpTvs3xOs0WLH2sLjKndo3W7ZRjXXBsodvt root@ubuntu-bionic
ssh-rsa AAAAB3NzaC1yc2EAAAADAQABAAABAQCnhUSZsmjFsOqr5LPya3Kqf7LzhQbR1w0B8nAIs+aGx4T51XAdvkoGHycbMaDIoZ9+dd8yqVIafKOKHm9c/aZp68A28GFsuVRQwJdgprsjagp/VnOjPL7QAgppNsniqmrJTQOgHa+3pXOO/KEyNI7reRNjwyAk1LQex0aEH4hiNbU9OKqG2wFu4vqcFdj88Ek8xqyLa0uylelcl0cH8fcVk2n4glhmeqRKEOGADX/H/MrNihmzZKEEOdp6g/47P7akrby5Q6Aj4/PHUhKTc52vDatl2Kk4yHzY72q3XoUj/sPUqFbJjdaZ6FjQ+iIjar644ZBYEhoXzrwqpmHQmYYd root@ubuntu-bionic
-----END SSH HOST KEY KEYS-----
[   32.579645] cloud-init[1480]: Cloud-init v. 22.2-0ubuntu1~18.04.3 running 'modules:final' at Mon, 26 Sep 2022 14:48:55 +0000. Up 32.40 seconds.
[   32.579782] cloud-init[1480]: Cloud-init v. 22.2-0ubuntu1~18.04.3 finished at Mon, 26 Sep 2022 14:48:55 +0000. Datasource DataSourceNoCloud [seed=/dev/sdb][dsmode=net].  Up 32.57 seconds

Ubuntu 18.04.6 LTS ubuntu-bionic ttyS0

ubuntu-bionic login: [[0;32m  OK  [0m] Stopped Unattended Upgrades Shutdown.
         Stopping Availability of block devices...
         Stopping Authorization Manager...
[[0;32m  OK  [0m] Closed Load/Save RF Kill Switch Status /dev/rfkill Watch.
[[0;32m  OK  [0m] Stopped target Graphical Interface.
[[0;32m  OK  [0m] Stopped target Cloud-init target.
[[0;32m  OK  [0m] Stopped Execute cloud user/final scripts.
[[0;32m  OK  [0m] Stopped target Multi-User System.
         Stopping Dispatcher daemon for systemd-networkd...
         Stopping LXD - container startup/shutdown...
         Stopping The Apache HTTP Server...
[[0;32m  OK  [0m] Stopped target Login Prompts.
         Stopping Serial Getty on ttyS0...
         Stopping System Logging Service...
         Stopping LSB: automatic crash report generation...
         Stopping LSB: Record successful boot for GRUB...
         Stopping D-Bus System Message Bus...
         Stopping Virtualbox guest utils...
         Stopping FUSE filesystem for LXC...
         Stopping Deferred execution scheduler...
[[0;32m  OK  [0m] Stopped Apply the settings specified in cloud-config.
[[0;32m  OK  [0m] Stopped target Cloud-config availability.
[[0;32m  OK  [0m] Stopped Wait until snapd is fully seeded.
         Stopping Session 7 of user vagrant.
         Stopping OpenBSD Secure Shell server...
         Stopping Accounts Service...
         Stopping Regular background program processing daemon...
[[0;32m  OK  [0m] Stopped target Timers.
[[0;32m  OK  [0m] Stopped Message of the Day.
[[0;32m  OK  [0m] Stopped Ubuntu Advantage Timer for running repeated jobs.
[[0;32m  OK  [0m] Stopped Daily apt upgrade and clean activities.
[[0;32m  OK  [0m] Stopped Daily apt download activities.
[[0;32m  OK  [0m] Stopped Daily Cleanup of Temporary Directories.
         Stopping irqbalance daemon...
[[0;32m  OK  [0m] Stopped Discard unused blocks once a week.
[[0;32m  OK  [0m] Stopped target System Time Synchronized.
         Stopping User Manager for UID 1000...
         Stopping Getty on tty1...
[[0;32m  OK  [0m] Unmounted /var/lib/lxcfs.
[[0;32m  OK  [0m] Stopped Regular background program processing daemon.
[[0;32m  OK  [0m] Stopped Authorization Manager.
[[0;32m  OK  [0m] Stopped OpenBSD Secure Shell server.
[[0;32m  OK  [0m] Stopped D-Bus System Message Bus.
[[0;32m  OK  [0m] Stopped Session 7 of user vagrant.
[[0;32m  OK  [0m] Stopped Deferred execution scheduler.
[[0;32m  OK  [0m] Stopped irqbalance daemon.
[[0;32m  OK  [0m] Stopped Dispatcher daemon for systemd-networkd.
[[0;32m  OK  [0m] Stopped System Logging Service.
[[0;32m  OK  [0m] Stopped Accounts Service.
[[0;32m  OK  [0m] Stopped Serial Getty on ttyS0.
[[0;32m  OK  [0m] Stopped Getty on tty1.
[[0;32m  OK  [0m] Stopped User Manager for UID 1000.
[[0;32m  OK  [0m] Stopped FUSE filesystem for LXC.
[[0;32m  OK  [0m] Removed slice User Slice of vagrant.
         Stopping Login Service...
[[0;32m  OK  [0m] Removed slice system-getty.slice.
[[0;32m  OK  [0m] Removed slice system-serial\x2dgetty.slice.
         Stopping Permit User Sessions...
[[0;32m  OK  [0m] Stopped LSB: Record successful boot for GRUB.
[[0;32m  OK  [0m] Stopped Permit User Sessions.
[[0;32m  OK  [0m] Stopped LSB: automatic crash report generation.
[[0;32m  OK  [0m] Stopped LXD - container startup/shutdown.
[[0;32m  OK  [0m] Stopped Availability of block devices.
[[0;32m  OK  [0m] Stopped Virtualbox guest utils.
[[0;32m  OK  [0m] Stopped Login Service.
[[0;32m  OK  [0m] Stopped The Apache HTTP Server.
[[0;32m  OK  [0m] Stopped target Remote File Systems.
         Unmounting /vagrant...
         Unmounting /opt/data...
[[0;32m  OK  [0m] Stopped target Host and Network Name Lookups.
[[0;32m  OK  [0m] Stopped target User and Group Name Lookups.
[[0;32m  OK  [0m] Stopped target Basic System.
[[0;32m  OK  [0m] Stopped target Sockets.
[[0;32m  OK  [0m] Closed ACPID Listen Socket.
[[0;32m  OK  [0m] Closed cloud-init hotplug hook socket.
[[0;32m  OK  [0m] Closed LXD - unix socket.
[[0;32m  OK  [0m] Closed Syslog Socket.
[[0;32m  OK  [0m] Closed D-Bus System Message Bus Socket.
[[0;32m  OK  [0m] Closed UUID daemon activation socket.
[[0;32m  OK  [0m] Closed Open-iSCSI iscsid Socket.
[[0;32m  OK  [0m] Closed Socket activation for snappy daemon.
[[0;32m  OK  [0m] Stopped target Paths.
[[0;32m  OK  [0m] Stopped ACPI Events Check.
[[0;32m  OK  [0m] Stopped target Slices.
[[0;32m  OK  [0m] Stopped target System Initialization.
         Stopping Load/Save Random Seed...
[[0;32m  OK  [0m] Stopped Commit a transient machine-id on disk.
[[0;32m  OK  [0m] Stopped target Local Encrypted Volumes.
[[0;32m  OK  [0m] Stopped Dispatch Password Requests to Console Directory Watch.
[[0;32m  OK  [0m] Stopped Forward Password Requests to Wall Directory Watch.
         Stopping Update UTMP about System Boot/Shutdown...
[[0;32m  OK  [0m] Removed slice User and Session Slice.
[[0;32m  OK  [0m] Unmounted /vagrant.
[[0;32m  OK  [0m] Stopped Load/Save Random Seed.
[[0;32m  OK  [0m] Unmounted /opt/data.
[[0;32m  OK  [0m] Stopped target Remote File Systems (Pre).
[[0;32m  OK  [0m] Stopped target Network is Online.
[[0;32m  OK  [0m] Stopped Initial cloud-init job (metadata service crawler).
[[0;32m  OK  [0m] Stopped target Network.
         Stopping Network Name Resolution...
[[0;32m  OK  [0m] Stopped Update UTMP about System Boot/Shutdown.
[[0;32m  OK  [0m] Stopped Network Name Resolution.
[[0;32m  OK  [0m] Stopped Create Volatile Files and Directories.
[[0;32m  OK  [0m] Stopped target Local File Systems.
         Unmounting /run/user/1000...
         Stopping Network Service...
[[0;32m  OK  [0m] Unmounted /run/user/1000.
[[0;32m  OK  [0m] Reached target Unmount All Filesystems.
[[0;32m  OK  [0m] Stopped target Swap.
[[0;32m  OK  [0m] Stopped target Local File Systems (Pre).
         Stopping Monitoring of LVM2 mirrors…ng dmeventd or progress polling...
[[0;32m  OK  [0m] Stopped Create Static Device Nodes in /dev.
[[0;32m  OK  [0m] Stopped Monitoring of LVM2 mirrors,…sing dmeventd or progress polling.
         Stopping LVM2 metadata daemon...
[[0;32m  OK  [0m] Stopped LVM2 metadata daemon.
[[0;32m  OK  [0m] Stopped Network Service.
[[0;32m  OK  [0m] Stopped Apply Kernel Variables.
[[0;32m  OK  [0m] Stopped Load Kernel Modules.
[[0;32m  OK  [0m] Stopped target Network (Pre).
[[0;32m  OK  [0m] Stopped Initial cloud-init job (pre-networking).
[[0;32m  OK  [0m] Stopped Remount Root and Kernel File Systems.
[[0;32m  OK  [0m] Reached target Shutdown.
[[0;32m  OK  [0m] Reached target Final Step.
         Starting Power-Off...
[ 1688.020767] reboot: Power down
